<?xml version="1.0" encoding="UTF-8"?>
<!-- Generated by org.testng.reporters.JUnitReportReporter -->
<testsuite hostname="Swetha" failures="0" tests="1" name="sample.EnginnerSample" time="0.020" errors="0" timestamp="2025-03-29T09:15:10 IST" skipped="0">
  <testcase classname="sample.EnginnerSample" name="demo2" time="0.020"/>
</testsuite> <!-- sample.EnginnerSample -->
